# 表连接

## 目录

-   [环境准备](#环境准备)
-   [HASH JOIN 散列连接](#HASH-JOIN-散列连接)
-   [Netsted Loops Joins 循环嵌套连接](#Netsted-Loops-Joins-循环嵌套连接)
-   [Sort Merge Joins 排序合并连接](#Sort-Merge-Joins-排序合并连接)
-   [Cartestian Joins 笛卡尔连接](#Cartestian-Joins-笛卡尔连接)

## 环境准备

```sql
DROP TABLE tbl_small;
CREATE TABLE tbl_small (
id_s SMALLINT NOT NULL,
name_s VARCHAR(50) NOT NULL
);

DROP TABLE tbl_big;
CREATE TABLE tbl_big (
id_b VARCHAR(50) NOT NULL,
name_b VARCHAR(50) NOT NULL,
id_s SMALLINT NOT NULL
);

BEGIN
FOR i IN 1 .. 10 LOOP
INSERT INTO tbl_small VALUES(i,'small'||i);
END LOOP;
COMMIT;
END;
/

BEGIN
FOR i IN 1 .. 10000 LOOP
INSERT INTO tbl_big VALUES(i,'big'||i,ceil(i/1000));
END LOOP;
COMMIT;
END;
/

```

## HASH JOIN 散列连接

1.  概念说明
    散列连接是CBO常用的连接方式，优化器用两个表（通常是小表）利用连接键在内存中建立散列表，存储到散列表后，扫描较大的表，同样对JOIN KEY进行HASH后探测散列表，找出与散列表匹配的行。如果表太多，不能一次性写到内存中，就分成分区，写入磁盘缓存段。所以只适合小表。
    > [Oracle官方文档](https://docs.oracle.com/database/121/TGSQL/tgsql_join.htm#TGSQL245 "Oracle官方文档")
    > The optimizer uses the smaller of two data sets to build a hash table on the join key in memory, using a deterministic hash function to specify the location in the hash table in which to store each row. The database then scans the larger data set, probing the hash table to find the rows that meet the join condition.
2.  hint方式
    ```纯文本
    USE_HASH(table_name1 table_name2)
    ```
3.  使用场景
    Hash join在两个表的数据量差别很大且小表适合存储在内存中。
4.  SQL命令
    ```sql
    SELECT id_b,name_s FROM tbl_small s,tbl_big b WHERE s.id_s = b.id_b;
    ```
5.  执行计划
    ```纯文本
    Plan hash value: 1167862901

    --------------------------------------------------------------------------------
    | Id  | Operation	         | Name      | Rows  | Bytes | Cost (%CPU)| Time     |
    --------------------------------------------------------------------------------
    |   0 | SELECT STATEMENT   |	         | 10000 |   654K|    14	 (0)| 00:00:01 |
    |*  1 |  HASH JOIN	       |	         | 10000 |   654K|    14	 (0)| 00:00:01 |
    |   2 |   TABLE ACCESS FULL| TBL_SMALL |    10 |   400 |     3	 (0)| 00:00:01 |
    |   3 |   TABLE ACCESS FULL| TBL_BIG   | 10000 |   263K|    11	 (0)| 00:00:01 |
    --------------------------------------------------------------------------------

    Predicate Information (identified by operation id):
    ---------------------------------------------------

       1 - access("S"."ID_S"=TO_NUMBER("B"."ID_B"))



    ```

## Netsted Loops Joins 循环嵌套连接

1.  概念说明
    Nested loops 工作方式是循环从一张表中读取数据(驱动表outer table)，然后访问另一张表（被查找表 inner table,通常有索引）。驱动表中的每一行与inner表中的相应记录JOIN。类似一个嵌套的循环。
    > [Oracle官方文档](https://docs.oracle.com/database/121/TGSQL/tgsql_join.htm#TGSQL244 "Oracle官方文档")
    > Nested loops join an outer data set to an inner data set. For each row in the outer data set that matches the single-table predicates, the database retrieves all rows in the inner data set that satisfy the join predicate. If an index is available, then the database can use it to access the inner data set by rowid.
2.  hint方式
    ```纯文本
    use_nl(t1,t2)
    ```
3.  使用场景
    需要连接包含一个在连接字段的列有索引的大表，一个小表。
4.  SQL命令
    ```sql
    SQL> SELECT id_b,name_s FROM tbl_small s,tbl_big b WHERE s.id_s <> b.id_b;
    ```
5.  执行计划
    ```纯文本
    Plan hash value: 1730740048

    --------------------------------------------------------------------------------
    | Id  | Operation	   | Name      | Rows  | Bytes | Cost (%CPU)| Time     |
    --------------------------------------------------------------------------------
    |   0 | SELECT STATEMENT   |	       | 90000 |  5888K|   100	 (0)| 00:00:02 |
    |   1 |  NESTED LOOPS	   |	       | 90000 |  5888K|   100	 (0)| 00:00:02 |
    |   2 |   TABLE ACCESS FULL| TBL_SMALL |    10 |   400 |     3	 (0)| 00:00:01 |
    |*  3 |   TABLE ACCESS FULL| TBL_BIG   |  9000 |   237K|    10	 (0)| 00:00:01 |
    --------------------------------------------------------------------------------

    Predicate Information (identified by operation id):
    ---------------------------------------------------

       3 - filter("S"."ID_S"<>TO_NUMBER("B"."ID_B"))

    ```

## Sort Merge Joins 排序合并连接

1.  概念说明
    排序合并连接是先将关联表的关联列各自做排序，然后从各自的排序表中抽取数据，到另一个排序表中做匹配。如果有索引，数据库会避免在第一个数据集中排序，但第二个数据集总是会排序。
    > [Oracle官方文档](https://docs.oracle.com/database/121/TGSQL/tgsql_join.htm#TGSQL94690 "Oracle官方文档")
    > A sort merge join is a variation on a nested loops join.
    > If the two data sets in the join are not already sorted, then the database sorts them. These are the `SORT JOIN` operations. For each row in the first data set, the database probes the second data set for matching rows and joins them, basing its start position on the match made in the previous iteration. This is the `MERGE JOIN` operation.
2.  hint方式
    ```纯文本
    USE_MERGE(table_name1 table_name2)
    ```
3.  使用场景
    -   不等价关联(>,<,>=,<=,<>)
4.  SQL命令
    ```sql
    SQL> SELECT id_b,name_s FROM tbl_small s,tbl_big b WHERE s.id_s > b.id_b;
    ```
5.  执行计划
    ```纯文本
    Plan hash value: 2904257422

    ---------------------------------------------------------------------------------
    | Id  | Operation	          | Name	    | Rows	| Bytes | Cost (%CPU)| Time	    |
    ---------------------------------------------------------------------------------
    |   0 | SELECT STATEMENT    |		       	|  5000 |   327K|    16  (13)| 00:00:01 |
    |   1 |  MERGE JOIN	        |		       	|  5000 |   327K|    16  (13)| 00:00:01 |
    |   2 |   SORT JOIN	        |	         	|    10 |   400 |     4  (25)| 00:00:01 |
    |   3 |    TABLE ACCESS FULL| TBL_SMALL |    10 |   400 |     3   (0)| 00:00:01 |
    |*  4 |   SORT JOIN	        |		       	| 10000 |   263K|    12   (9)| 00:00:01 |
    |   5 |    TABLE ACCESS FULL| TBL_BIG 	| 10000 |   263K|    11   (0)| 00:00:01 |
    ---------------------------------------------------------------------------------

    Predicate Information (identified by operation id):
    ---------------------------------------------------

       4 - access(INTERNAL_FUNCTION("S"."ID_S")>TO_NUMBER("B"."ID_B"))
           filter(INTERNAL_FUNCTION("S"."ID_S")>TO_NUMBER("B"."ID_B"))
    ```

## Cartestian Joins 笛卡尔连接

1.  概念说明
    当数据库连接一个或多个表时，没有连接条件时就会使用笛卡尔连接。
    > [Oracle官方文档](https://docs.oracle.com/database/121/TGSQL/tgsql_join.htm#TGSQL94986 "Oracle官方文档")
    > The database uses a **Cartesian join** when one or more of the tables does not have any join conditions to any other tables in the statement.
2.  使用场景
    -   没有连接条件存在
    -   用于非常小的表时优化器会考虑使用
    -   hint方式：`ORDERED USE_NL(table_name)`
3.  SQL命令
    ```sql
    SQL> SELECT id_b,name_s FROM tbl_small,tbl_big;

    ```
4.  执行计划
    ```纯文本
    Execution Plan
    ----------------------------------------------------------
    Plan hash value: 1851076843

    ----------------------------------------------------------------------------------
    | Id  | Operation	     | Name	 | Rows  | Bytes | Cost (%CPU)| Time	 |
    ----------------------------------------------------------------------------------
    |   0 | SELECT STATEMENT     |		 |   100K|  5273K|   100   (0)| 00:00:02 |
    |   1 |  MERGE JOIN CARTESIAN|		 |   100K|  5273K|   100   (0)| 00:00:02 |
    |   2 |   TABLE ACCESS FULL  | TBL_SMALL |    10 |   270 |     3   (0)| 00:00:01 |
    |   3 |   BUFFER SORT	     |		 | 10000 |   263K|    97   (0)| 00:00:02 |
    |   4 |    TABLE ACCESS FULL | TBL_BIG	 | 10000 |   263K|    10   (0)| 00:00:01 |
    ----------------------------------------------------------------------------------

    Note
    -----
       - dynamic sampling used for this statement (level=2)

    SQL> 
    ```
