# 全表扫描第二版

## 目录

-   [全表扫描](#全表扫描)
    -   [概念](#概念)
    -   [如何工作](#如何工作)
    -   [TABLE ACCESS FULL出现场景](#TABLE-ACCESS-FULL出现场景)
    -   [PARTITION RANGE ALL 出现场景](#PARTITION-RANGE-ALL-出现场景)

# 全表扫描

## 概念

在执行计划中Operation列的`TABLE ACCESS FULL`便是堆表全表扫描。执行全表扫描时，服务器进程连续读取[高水平线（high water mark）](https://docs.oracle.com/database/121/TGSQL/img_text/GUID-5D9563AF-23D5-4172-B346-2E584EA6CCD7-print.htm "高水平线（high water mark）")以下所有块。当分区表中的分区都被访问时Operation列分区全扫描`PARTITION RANGE ALL`。

> [**官方解释**](https://docs.oracle.com/cd/B19306_01/server.102/b14211/optimops.htm#i44851 "官方解释")
> This type of scan reads all rows from a table and filters out those that do not meet the selection criteria.During a full table scan, all blocks in the table that are under the high water mark are scanned. The high water mark indicates the amount of used space, or space that had been formatted to receive data. Each row is examined to determine whether it satisfies the statement's `WHERE` clause.

## 如何工作

在下图中描述在数据库进行全表扫描时，会并跳过未使用、未格式化的数据块并按顺序将读取每一个HWM线以下的每个格式化的数据块，且只读一次。

!\[image-20210628162157158]\(/Users/tengfei/Library/Application Support/typora-user-images/image-20210628162157158.png)

## TABLE ACCESS FULL出现场景

> 构造表语句：

```sql
CREATE TABLE tbl_001 ( used_index varchar2(5),no_index varchar2(5) );
CREATE INDEX idx_tab_001 ON tbl_001(used_index);
BEGIN 
FOR i IN 1..100 LOOP 
INSERT INTO tbl_001(used_index,no_index) VALUES (i,i); 
COMMIT; 
END LOOP; 
END; 
/
```

-   索引没有使用或失效
    1.  当查询没有使用索引的，优化器就会使用全表扫描
        SQL语句：
        ```sql
        SQL> SELECT * FROM tbl_001
        ```
        执行计划：
        ```sql
        Plan hash value: 320693035
         
        -----------------------------------------------------------------------------
        | Id  | Operation         | Name    | Rows  | Bytes | Cost (%CPU)| Time     |
        -----------------------------------------------------------------------------
        |   0 | SELECT STATEMENT  |         |   100 |   400 |     3   (0)| 00:00:01 |
        |   1 |  TABLE ACCESS FULL| TBL_001 |   100 |   400 |     3   (0)| 00:00:01 |
        -----------------------------------------------------------------------------
         
        ```
    2.  当查询时过滤列中使用函数
        SQL语句：
        ```sql
        SQL> SELECT used_index FROM tbl_001 WHERE LTRIM(used_index)='2';
        ```
        执行计划：
        ```sql
        Plan hash value: 320693035
         
        -----------------------------------------------------------------------------
        | Id  | Operation         | Name    | Rows  | Bytes | Cost (%CPU)| Time     |
        -----------------------------------------------------------------------------
        |   0 | SELECT STATEMENT  |         |     1 |     4 |     3   (0)| 00:00:01 |
        |*  1 |  TABLE ACCESS FULL| TBL_001 |     1 |     4 |     3   (0)| 00:00:01 |
        -----------------------------------------------------------------------------
         
        Predicate Information (identified by operation id):
        ---------------------------------------------------
         
           1 - filter(LTRIM("USED_INDEX")='2')
         
        ```
    3.  查询时，索引列有空值
        SQL语句：
        ```sql
        -- 准备数据
        SQL> INSERT INTO tbl_001(no_index) VALUES('101');
        SQL> SELECT * FROM tbl_001 WHERE no_index = '101';

        USED_ NO_IN
        ----- -----
              101
        SQL> SELECT used_index FROM tbl_001 WHERE no_index = '101';
        ```
        执行计划：
        ```sql
        Plan hash value: 320693035
         
        -----------------------------------------------------------------------------
        | Id  | Operation         | Name    | Rows  | Bytes | Cost (%CPU)| Time     |
        -----------------------------------------------------------------------------
        |   0 | SELECT STATEMENT  |         |     1 |     8 |     3   (0)| 00:00:01 |
        |*  1 |  TABLE ACCESS FULL| TBL_001 |     1 |     8 |     3   (0)| 00:00:01 |
        -----------------------------------------------------------------------------
         
        Predicate Information (identified by operation id):
        ---------------------------------------------------
         
           1 - filter("NO_INDEX"='101')
         
        ```
-   访问绝大多数块
    说明：当优化器认为查询需要访问大部分块时，即使索引是可用的
    SQL语句：
    ```sql
    -- 增加数据
    SQL> BEGIN 
    FOR i IN 1..50000 LOOP 
    INSERT INTO tbl_001(used_index,no_index) VALUES (i,i); 
    END LOOP; 
    COMMIT; 
    END; 
    /
    -- 索引
    > SELECT  no_index FROM tbl_001 WHERE used_index > '100';
    ```
    执行计划：
    ```sql
    Plan hash value: 320693035
     
    -----------------------------------------------------------------------------
    | Id  | Operation         | Name    | Rows  | Bytes | Cost (%CPU)| Time     |
    -----------------------------------------------------------------------------
    |   0 | SELECT STATEMENT  |         |   100K|   977K|    69   (2)| 00:00:01 |
    |*  1 |  TABLE ACCESS FULL| TBL_001 |   100K|   977K|    69   (2)| 00:00:01 |
    -----------------------------------------------------------------------------
     
    Predicate Information (identified by operation id):
    ---------------------------------------------------
     
       1 - filter("USED_INDEX">'100')
    ```
-   小表
    说明：当表包含小于初始参数中的`DB_FILE_MULTIBLOCK_READ_COUNT`的高水平线的块时
    SQL语句：
    ```sql
    -- 查看当前参数
    SQL> show parameter DB_FILE_MULTIBLOCK_READ_COUNT

    NAME				     TYPE	 VALUE
    ------------------------------------ ----------- ------------------------------
    db_file_multiblock_read_count	     integer	 128

    -- 查看表含有多少数据块
    SQL> analyze table TBL_001 compute statistics;
    Table analyzed.
    SQL> select a.BLOCKS from user_tables a where a.TABLE_NAME='TBL_001';
        BLOCKS
    ----------
    	 5
    -- 增加数据
    SQL> BEGIN 
    FOR i IN 1..50000 LOOP 
    INSERT INTO tbl_001(used_index,no_index) VALUES (i,i); 
    END LOOP; 
    COMMIT; 
    END; 
    /
    SQL> BEGIN
    FOR i IN 1..50000 LOOP 
    INSERT INTO tbl_001(used_index,no_index) VALUES (i,i); 
    END LOOP; 
    COMMIT; 
    END; 
    /
    -- 重新统计并查看块
    SQL> analyze table TBL_001 compute statistics;

    Table analyzed.

    SQL> select a.BLOCKS from user_tables a where a.TABLE_NAME='TBL_001';

        BLOCKS
    ----------
           244

    SQL> 
    ```
-   使用hint
    SQL语句：
    ```sql
    SQL> SELECT /*+ FULL(t) */ used_index FROM tbl_001 t WHERE used_index = '1';
    ```
    执行计划：
    ```sql
    Plan hash value: 320693035
     
    -----------------------------------------------------------------------------
    | Id  | Operation         | Name    | Rows  | Bytes | Cost (%CPU)| Time     |
    -----------------------------------------------------------------------------
    |   0 | SELECT STATEMENT  |         |     1 |     4 |     3   (0)| 00:00:01 |
    |*  1 |  TABLE ACCESS FULL| TBL_001 |     1 |     4 |     3   (0)| 00:00:01 |
    -----------------------------------------------------------------------------
     
    Predicate Information (identified by operation id):
    ---------------------------------------------------
     
       1 - filter("USED_INDEX"='10')
     
    Note
    -----
       - dynamic sampling used for this statement (level=2)
    ```

## PARTITION RANGE ALL 出现场景

> 构造分区表：

```sql
-- 创建分区表
CREATE TABLE TBL_002 (
ID1 NUMBER(5),
ID2 NUMBER(5)
)PARTITION BY RANGE(ID1) (
PARTITION P0200 VALUES LESS THAN ( 200),
PARTITION P0400 VALUES LESS THAN ( 400),
PARTITION P0600 VALUES LESS THAN ( 600),
PARTITION P0800 VALUES LESS THAN ( 800),
PARTITION P1000 VALUES LESS THAN (1000)
);
-- 插入数据
BEGIN 
FOR I IN 1..1200 LOOP 
INSERT INTO TBL_002(ID1,ID2) VALUES (I,I); 
COMMIT; 
END LOOP;
END; 
/
```
